<?xml version="1.0" encoding="UTF-8"?>
<coverage generated="1668006415643" clover="3.2.0">
  <project timestamp="1668006415643" name="All files">
    <metrics statements="15" coveredstatements="15" conditionals="2" coveredconditionals="2" methods="6" coveredmethods="6" elements="23" coveredelements="23" complexity="0" loc="15" ncloc="15" packages="1" files="2" classes="2"/>
    <file name="script.js" path="C:\Users\002M7R744\Desktop\Learning\React\Project\clothing-e-commerce\diamond-clothing\src\test\script.js">
      <metrics statements="5" coveredstatements="5" conditionals="2" coveredconditionals="2" methods="2" coveredmethods="2"/>
      <line num="11" count="1" type="stmt"/>
      <line num="12" count="5" type="stmt"/>
      <line num="13" count="20" type="stmt"/>
      <line num="15" count="5" type="cond" truecount="2" falsecount="0"/>
      <line num="20" count="1" type="stmt"/>
    </file>
    <file name="script2.js" path="C:\Users\002M7R744\Desktop\Learning\React\Project\clothing-e-commerce\diamond-clothing\src\test\script2.js">
      <metrics statements="10" coveredstatements="10" conditionals="0" coveredconditionals="0" methods="4" coveredmethods="4"/>
      <line num="2" count="1" type="stmt"/>
      <line num="4" count="1" type="stmt"/>
      <line num="5" count="2" type="stmt"/>
      <line num="6" count="2" type="stmt"/>
      <line num="8" count="2" type="stmt"/>
      <line num="14" count="1" type="stmt"/>
      <line num="15" count="1" type="stmt"/>
      <line num="16" count="1" type="stmt"/>
      <line num="18" count="1" type="stmt"/>
      <line num="26" count="1" type="stmt"/>
    </file>
  </project>
</coverage>
