{"C:\\Users\\002M7R744\\Desktop\\Learning\\React\\Project\\clothing-e-commerce\\diamond-clothing\\src\\test\\script.js": {"path":"C:\\Users\\002M7R744\\Desktop\\Learning\\React\\Project\\clothing-e-commerce\\diamond-clothing\\src\\test\\script.js","statementMap":{"0":{"start":{"line":11,"column":21},"end":{"line":16,"column":1}},"1":{"start":{"line":12,"column":20},"end":{"line":14,"column":6}},"2":{"start":{"line":13,"column":8},"end":{"line":13,"column":45}},"3":{"start":{"line":15,"column":4},"end":{"line":15,"column":62}},"4":{"start":{"line":20,"column":0},"end":{"line":20,"column":30}}},"fnMap":{"0":{"name":"(anonymous_0)","decl":{"start":{"line":11,"column":21},"end":{"line":11,"column":22}},"loc":{"start":{"line":11,"column":42},"end":{"line":16,"column":1}},"line":11},"1":{"name":"(anonymous_1)","decl":{"start":{"line":12,"column":30},"end":{"line":12,"column":31}},"loc":{"start":{"line":12,"column":41},"end":{"line":14,"column":5}},"line":12}},"branchMap":{"0":{"loc":{"start":{"line":15,"column":11},"end":{"line":15,"column":61}},"type":"cond-expr","locations":[{"start":{"line":15,"column":32},"end":{"line":15,"column":51}},{"start":{"line":15,"column":54},"end":{"line":15,"column":61}}],"line":15}},"s":{"0":1,"1":5,"2":20,"3":5,"4":1},"f":{"0":5,"1":20},"b":{"0":[1,4]},"_coverageSchema":"1a1c01bbd47fc00a2c39e90264f33305004495a9","hash":"29939df1587ceaab1dcb2901da7a6ab9fbd005f8"}
,"C:\\Users\\002M7R744\\Desktop\\Learning\\React\\Project\\clothing-e-commerce\\diamond-clothing\\src\\test\\script2.js": {"path":"C:\\Users\\002M7R744\\Desktop\\Learning\\React\\Project\\clothing-e-commerce\\diamond-clothing\\src\\test\\script2.js","statementMap":{"0":{"start":{"line":2,"column":14},"end":{"line":2,"column":35}},"1":{"start":{"line":4,"column":25},"end":{"line":13,"column":1}},"2":{"start":{"line":5,"column":2},"end":{"line":12,"column":6}},"3":{"start":{"line":6,"column":22},"end":{"line":6,"column":37}},"4":{"start":{"line":8,"column":6},"end":{"line":11,"column":7}},"5":{"start":{"line":14,"column":18},"end":{"line":22,"column":1}},"6":{"start":{"line":15,"column":21},"end":{"line":15,"column":68}},"7":{"start":{"line":16,"column":16},"end":{"line":16,"column":39}},"8":{"start":{"line":18,"column":2},"end":{"line":21,"column":4}},"9":{"start":{"line":26,"column":0},"end":{"line":29,"column":1}}},"fnMap":{"0":{"name":"(anonymous_0)","decl":{"start":{"line":4,"column":25},"end":{"line":4,"column":26}},"loc":{"start":{"line":4,"column":36},"end":{"line":13,"column":1}},"line":4},"1":{"name":"(anonymous_1)","decl":{"start":{"line":6,"column":10},"end":{"line":6,"column":11}},"loc":{"start":{"line":6,"column":22},"end":{"line":6,"column":37}},"line":6},"2":{"name":"(anonymous_2)","decl":{"start":{"line":7,"column":10},"end":{"line":7,"column":11}},"loc":{"start":{"line":7,"column":18},"end":{"line":12,"column":5}},"line":7},"3":{"name":"(anonymous_3)","decl":{"start":{"line":14,"column":18},"end":{"line":14,"column":19}},"loc":{"start":{"line":14,"column":35},"end":{"line":22,"column":1}},"line":14}},"branchMap":{},"s":{"0":1,"1":1,"2":2,"3":2,"4":2,"5":1,"6":1,"7":1,"8":1,"9":1},"f":{"0":2,"1":2,"2":2,"3":1},"b":{},"_coverageSchema":"1a1c01bbd47fc00a2c39e90264f33305004495a9","hash":"eca6096f05def662caf8da626b3f52a6113795cc"}
}
