TN:
SF:script.js
FN:11,(anonymous_0)
FN:12,(anonymous_1)
FNF:2
FNH:2
FNDA:5,(anonymous_0)
FNDA:20,(anonymous_1)
DA:11,1
DA:12,5
DA:13,20
DA:15,5
DA:20,1
LF:5
LH:5
BRDA:15,0,0,1
BRDA:15,0,1,4
BRF:2
BRH:2
end_of_record
TN:
SF:script2.js
FN:4,(anonymous_0)
FN:6,(anonymous_1)
FN:7,(anonymous_2)
FN:14,(anonymous_3)
FNF:4
FNH:4
FNDA:2,(anonymous_0)
FNDA:2,(anonymous_1)
FNDA:2,(anonymous_2)
FNDA:1,(anonymous_3)
DA:2,1
DA:4,1
DA:5,2
DA:6,2
DA:8,2
DA:14,1
DA:15,1
DA:16,1
DA:18,1
DA:26,1
LF:10
LH:10
BRF:0
BRH:0
end_of_record
